01:55:03.762 [main] INFO  c.e.d.DividendProjectApplication - Starting DividendProjectApplication using Java 11.0.15.1 on DESKTOP-6URLLND with PID 8004 (C:\Users\user\Documents\GitHub\Dividend-Project\out\production\classes started by user in C:\Users\user\Documents\GitHub\Dividend-Project)
01:55:03.766 [main] INFO  c.e.d.DividendProjectApplication - No active profile set, falling back to 1 default profile: "default"
01:55:05.417 [main] INFO  o.s.d.r.c.RepositoryConfigurationDelegate - Multiple Spring Data modules found, entering strict repository configuration mode
01:55:05.424 [main] INFO  o.s.d.r.c.RepositoryConfigurationDelegate - Bootstrapping Spring Data JPA repositories in DEFAULT mode.
01:55:05.843 [main] INFO  o.s.d.r.c.RepositoryConfigurationDelegate - Finished Spring Data repository scanning in 398 ms. Found 3 JPA repository interfaces.
01:55:05.876 [main] INFO  o.s.d.r.c.RepositoryConfigurationDelegate - Multiple Spring Data modules found, entering strict repository configuration mode
01:55:05.879 [main] INFO  o.s.d.r.c.RepositoryConfigurationDelegate - Bootstrapping Spring Data Redis repositories in DEFAULT mode.
01:55:05.923 [main] INFO  o.s.d.r.c.RepositoryConfigurationExtensionSupport - Spring Data Redis - Could not safely identify store assignment for repository candidate interface com.example.dividendproject.persist.repository.CompanyRepository; If you want this repository to be a Redis repository, consider annotating your entities with one of these annotations: org.springframework.data.redis.core.RedisHash (preferred), or consider extending one of the following types with your repository: org.springframework.data.keyvalue.repository.KeyValueRepository
01:55:05.927 [main] INFO  o.s.d.r.c.RepositoryConfigurationExtensionSupport - Spring Data Redis - Could not safely identify store assignment for repository candidate interface com.example.dividendproject.persist.repository.DividendRepository; If you want this repository to be a Redis repository, consider annotating your entities with one of these annotations: org.springframework.data.redis.core.RedisHash (preferred), or consider extending one of the following types with your repository: org.springframework.data.keyvalue.repository.KeyValueRepository
01:55:05.928 [main] INFO  o.s.d.r.c.RepositoryConfigurationExtensionSupport - Spring Data Redis - Could not safely identify store assignment for repository candidate interface com.example.dividendproject.persist.repository.MemberRepository; If you want this repository to be a Redis repository, consider annotating your entities with one of these annotations: org.springframework.data.redis.core.RedisHash (preferred), or consider extending one of the following types with your repository: org.springframework.data.keyvalue.repository.KeyValueRepository
01:55:05.929 [main] INFO  o.s.d.r.c.RepositoryConfigurationDelegate - Finished Spring Data repository scanning in 34 ms. Found 0 Redis repository interfaces.
01:55:09.040 [main] INFO  o.s.b.w.e.tomcat.TomcatWebServer - Tomcat initialized with port(s): 8080 (http)
01:55:09.053 [main] INFO  o.a.coyote.http11.Http11NioProtocol - Initializing ProtocolHandler ["http-nio-8080"]
01:55:09.057 [main] INFO  o.a.catalina.core.StandardService - Starting service [Tomcat]
01:55:09.058 [main] INFO  o.a.catalina.core.StandardEngine - Starting Servlet engine: [Apache Tomcat/9.0.82]
01:55:09.393 [main] INFO  o.a.c.c.C.[Tomcat].[localhost].[/] - Initializing Spring embedded WebApplicationContext
01:55:09.394 [main] INFO  o.s.b.w.s.c.ServletWebServerApplicationContext - Root WebApplicationContext: initialization completed in 5517 ms
01:55:09.464 [main] INFO  com.zaxxer.hikari.HikariDataSource - HikariPool-1 - Starting...
01:55:10.014 [main] INFO  com.zaxxer.hikari.HikariDataSource - HikariPool-1 - Start completed.
01:55:10.035 [main] INFO  o.s.b.a.h.H2ConsoleAutoConfiguration - H2 console available at '/h2-console'. Database available at 'jdbc:h2:mem:dividend'
01:55:10.431 [main] INFO  o.h.jpa.internal.util.LogHelper - HHH000204: Processing PersistenceUnitInfo [name: default]
01:55:10.558 [main] INFO  org.hibernate.Version - HHH000412: Hibernate ORM core version 5.6.15.Final
01:55:10.958 [main] INFO  o.h.annotations.common.Version - HCANN000001: Hibernate Commons Annotations {5.1.2.Final}
01:55:11.239 [main] INFO  org.hibernate.dialect.Dialect - HHH000400: Using dialect: org.hibernate.dialect.H2Dialect
01:55:12.371 [main] INFO  o.h.e.t.j.p.i.JtaPlatformInitiator - HHH000490: Using JtaPlatform implementation: [org.hibernate.engine.transaction.jta.platform.internal.NoJtaPlatform]
01:55:12.386 [main] INFO  o.s.o.j.LocalContainerEntityManagerFactoryBean - Initialized JPA EntityManagerFactory for persistence unit 'default'
01:55:14.029 [main] INFO  o.s.s.web.DefaultSecurityFilterChain - Will secure any request with [org.springframework.security.web.session.DisableEncodeUrlFilter@d695f9d, org.springframework.security.web.context.request.async.WebAsyncManagerIntegrationFilter@7daf167, org.springframework.security.web.context.SecurityContextPersistenceFilter@d4dbb34, org.springframework.security.web.header.HeaderWriterFilter@285ac29, org.springframework.security.web.authentication.logout.LogoutFilter@64dfa1a3, com.example.dividendproject.security.JwtAuthenticationFilter@63d75087, org.springframework.security.web.savedrequest.RequestCacheAwareFilter@5d10e2b6, org.springframework.security.web.servletapi.SecurityContextHolderAwareRequestFilter@267309f7, org.springframework.security.web.authentication.AnonymousAuthenticationFilter@6df4d8f1, org.springframework.security.web.session.SessionManagementFilter@1f2d0ca2, org.springframework.security.web.access.ExceptionTranslationFilter@21b3d356, org.springframework.security.web.access.intercept.FilterSecurityInterceptor@524b1e41]
01:55:14.123 [main] WARN  o.s.b.a.o.j.JpaBaseConfiguration$JpaWebConfiguration - spring.jpa.open-in-view is enabled by default. Therefore, database queries may be performed during view rendering. Explicitly configure spring.jpa.open-in-view to disable this warning
01:55:15.071 [main] INFO  o.a.coyote.http11.Http11NioProtocol - Starting ProtocolHandler ["http-nio-8080"]
01:55:15.132 [main] INFO  o.s.b.w.e.tomcat.TomcatWebServer - Tomcat started on port(s): 8080 (http) with context path ''
01:55:15.163 [main] INFO  c.e.d.DividendProjectApplication - Started DividendProjectApplication in 12.402 seconds (JVM running for 13.296)
01:59:45.976 [SpringApplicationShutdownHook] INFO  o.s.o.j.LocalContainerEntityManagerFactoryBean - Closing JPA EntityManagerFactory for persistence unit 'default'
01:59:45.985 [SpringApplicationShutdownHook] INFO  com.zaxxer.hikari.HikariDataSource - HikariPool-1 - Shutdown initiated...
01:59:45.993 [SpringApplicationShutdownHook] INFO  com.zaxxer.hikari.HikariDataSource - HikariPool-1 - Shutdown completed.
01:59:53.115 [main] INFO  c.e.d.DividendProjectApplication - Starting DividendProjectApplication using Java 11.0.15.1 on DESKTOP-6URLLND with PID 27488 (C:\Users\user\Documents\GitHub\Dividend-Project\out\production\classes started by user in C:\Users\user\Documents\GitHub\Dividend-Project)
01:59:53.119 [main] INFO  c.e.d.DividendProjectApplication - No active profile set, falling back to 1 default profile: "default"
01:59:54.682 [main] INFO  o.s.d.r.c.RepositoryConfigurationDelegate - Multiple Spring Data modules found, entering strict repository configuration mode
01:59:54.689 [main] INFO  o.s.d.r.c.RepositoryConfigurationDelegate - Bootstrapping Spring Data JPA repositories in DEFAULT mode.
01:59:55.147 [main] INFO  o.s.d.r.c.RepositoryConfigurationDelegate - Finished Spring Data repository scanning in 434 ms. Found 3 JPA repository interfaces.
01:59:55.173 [main] INFO  o.s.d.r.c.RepositoryConfigurationDelegate - Multiple Spring Data modules found, entering strict repository configuration mode
01:59:55.176 [main] INFO  o.s.d.r.c.RepositoryConfigurationDelegate - Bootstrapping Spring Data Redis repositories in DEFAULT mode.
01:59:55.224 [main] INFO  o.s.d.r.c.RepositoryConfigurationExtensionSupport - Spring Data Redis - Could not safely identify store assignment for repository candidate interface com.example.dividendproject.persist.repository.CompanyRepository; If you want this repository to be a Redis repository, consider annotating your entities with one of these annotations: org.springframework.data.redis.core.RedisHash (preferred), or consider extending one of the following types with your repository: org.springframework.data.keyvalue.repository.KeyValueRepository
01:59:55.227 [main] INFO  o.s.d.r.c.RepositoryConfigurationExtensionSupport - Spring Data Redis - Could not safely identify store assignment for repository candidate interface com.example.dividendproject.persist.repository.DividendRepository; If you want this repository to be a Redis repository, consider annotating your entities with one of these annotations: org.springframework.data.redis.core.RedisHash (preferred), or consider extending one of the following types with your repository: org.springframework.data.keyvalue.repository.KeyValueRepository
01:59:55.228 [main] INFO  o.s.d.r.c.RepositoryConfigurationExtensionSupport - Spring Data Redis - Could not safely identify store assignment for repository candidate interface com.example.dividendproject.persist.repository.MemberRepository; If you want this repository to be a Redis repository, consider annotating your entities with one of these annotations: org.springframework.data.redis.core.RedisHash (preferred), or consider extending one of the following types with your repository: org.springframework.data.keyvalue.repository.KeyValueRepository
01:59:55.228 [main] INFO  o.s.d.r.c.RepositoryConfigurationDelegate - Finished Spring Data repository scanning in 34 ms. Found 0 Redis repository interfaces.
01:59:58.561 [main] INFO  o.s.b.w.e.tomcat.TomcatWebServer - Tomcat initialized with port(s): 8080 (http)
01:59:58.573 [main] INFO  o.a.coyote.http11.Http11NioProtocol - Initializing ProtocolHandler ["http-nio-8080"]
01:59:58.578 [main] INFO  o.a.catalina.core.StandardService - Starting service [Tomcat]
01:59:58.579 [main] INFO  o.a.catalina.core.StandardEngine - Starting Servlet engine: [Apache Tomcat/9.0.82]
01:59:58.948 [main] INFO  o.a.c.c.C.[Tomcat].[localhost].[/] - Initializing Spring embedded WebApplicationContext
01:59:58.948 [main] INFO  o.s.b.w.s.c.ServletWebServerApplicationContext - Root WebApplicationContext: initialization completed in 5729 ms
01:59:59.045 [main] INFO  com.zaxxer.hikari.HikariDataSource - HikariPool-1 - Starting...
01:59:59.859 [main] INFO  com.zaxxer.hikari.HikariDataSource - HikariPool-1 - Start completed.
01:59:59.888 [main] INFO  o.s.b.a.h.H2ConsoleAutoConfiguration - H2 console available at '/h2-console'. Database available at 'jdbc:h2:mem:dividend'
02:00:00.288 [main] INFO  o.h.jpa.internal.util.LogHelper - HHH000204: Processing PersistenceUnitInfo [name: default]
02:00:00.437 [main] INFO  org.hibernate.Version - HHH000412: Hibernate ORM core version 5.6.15.Final
02:00:00.944 [main] INFO  o.h.annotations.common.Version - HCANN000001: Hibernate Commons Annotations {5.1.2.Final}
02:00:01.262 [main] INFO  org.hibernate.dialect.Dialect - HHH000400: Using dialect: org.hibernate.dialect.H2Dialect
02:00:02.388 [main] INFO  o.h.e.t.j.p.i.JtaPlatformInitiator - HHH000490: Using JtaPlatform implementation: [org.hibernate.engine.transaction.jta.platform.internal.NoJtaPlatform]
02:00:02.405 [main] INFO  o.s.o.j.LocalContainerEntityManagerFactoryBean - Initialized JPA EntityManagerFactory for persistence unit 'default'
02:00:04.117 [main] INFO  o.s.s.web.DefaultSecurityFilterChain - Will secure any request with [org.springframework.security.web.session.DisableEncodeUrlFilter@d695f9d, org.springframework.security.web.context.request.async.WebAsyncManagerIntegrationFilter@7daf167, org.springframework.security.web.context.SecurityContextPersistenceFilter@d4dbb34, org.springframework.security.web.header.HeaderWriterFilter@285ac29, org.springframework.security.web.authentication.logout.LogoutFilter@64dfa1a3, com.example.dividendproject.security.JwtAuthenticationFilter@63d75087, org.springframework.security.web.savedrequest.RequestCacheAwareFilter@5d10e2b6, org.springframework.security.web.servletapi.SecurityContextHolderAwareRequestFilter@267309f7, org.springframework.security.web.authentication.AnonymousAuthenticationFilter@6df4d8f1, org.springframework.security.web.session.SessionManagementFilter@1f2d0ca2, org.springframework.security.web.access.ExceptionTranslationFilter@21b3d356, org.springframework.security.web.access.intercept.FilterSecurityInterceptor@524b1e41]
02:00:04.194 [main] WARN  o.s.b.a.o.j.JpaBaseConfiguration$JpaWebConfiguration - spring.jpa.open-in-view is enabled by default. Therefore, database queries may be performed during view rendering. Explicitly configure spring.jpa.open-in-view to disable this warning
02:00:05.107 [main] INFO  o.a.coyote.http11.Http11NioProtocol - Starting ProtocolHandler ["http-nio-8080"]
02:00:05.142 [main] INFO  o.s.b.w.e.tomcat.TomcatWebServer - Tomcat started on port(s): 8080 (http) with context path ''
02:00:05.162 [main] INFO  c.e.d.DividendProjectApplication - Started DividendProjectApplication in 13.1 seconds (JVM running for 13.997)
02:00:12.852 [http-nio-8080-exec-2] INFO  o.a.c.c.C.[Tomcat].[localhost].[/] - Initializing Spring DispatcherServlet 'dispatcherServlet'
02:00:12.853 [http-nio-8080-exec-2] INFO  o.s.web.servlet.DispatcherServlet - Initializing Servlet 'dispatcherServlet'
02:00:12.855 [http-nio-8080-exec-2] INFO  o.s.web.servlet.DispatcherServlet - Completed initialization in 2 ms
02:00:19.893 [http-nio-8080-exec-3] INFO  c.e.d.web.AuthController - user login -> wndgn2
02:00:40.085 [http-nio-8080-exec-4] INFO  c.e.d.s.JwtAuthenticationFilter - [wndgn2] -> /company
